<?xml version="1.0" encoding="UTF-8"?>
<testng-results total="1" passed="1" failed="0" skipped="0">
  <reporter-output>
  </reporter-output>
  <suite started-at="2019-07-10T11:46:35Z" name="Suite" finished-at="2019-07-10T11:46:35Z" duration-ms="319">
    <groups>
    </groups>
    <test started-at="2019-07-10T11:46:35Z" name="Test" finished-at="2019-07-10T11:46:35Z" duration-ms="319">
      <class name="basictests.BasicTest">
        <test-method signature="verifysum()[pri:0, instance:basictests.BasicTest@23faf8f2]" started-at="2019-07-10T17:16:35Z" name="verifysum" finished-at="2019-07-10T17:16:35Z" duration-ms="311" status="PASS">
          <reporter-output>
          </reporter-output>
        </test-method> <!-- verifysum -->
      </class> <!-- basictests.BasicTest -->
    </test> <!-- Test -->
  </suite> <!-- Suite -->
</testng-results>
